Thu Dec 11 16:00:13 2014 /Users/seanmacdonald/REPOS/Invoicer/BONK.txt 518
Thu Dec 11 16:00:43 2014 /Users/seanmacdonald/REPOS/Invoicer/BONK.txt 520
Thu Dec 11 16:01:16 2014 /Users/seanmacdonald/REPOS/Invoicer/README.md 517
Thu Dec 11 16:19:12 2014 /Users/seanmacdonald/REPOS/Invoicer/.suble5a.tmp 558
Thu Dec 11 16:19:31 2014 /Users/seanmacdonald/REPOS/Invoicer/fswatch.plist 528
Thu Dec 11 16:59:01 2014 /Users/seanmacdonald/REPOS/Invoicer/router/datas/periods 1026
Thu Dec 11 16:59:08 2014 /Users/seanmacdonald/REPOS/Invoicer/router/datas/periods/index.js 550
Thu Dec 11 16:59:09 2014 /Users/seanmacdonald/REPOS/Invoicer/router/datas/periods/index.js 614
Thu Dec 11 17:06:04 2014 /Users/seanmacdonald/REPOS/Invoicer/router/datas/periods/index.js 516
Thu Dec 11 17:06:04 2014 /Users/seanmacdonald/REPOS/Invoicer/router/datas/periods/.subl78e.tmp 558
Thu Dec 11 17:37:21 2014 /Users/seanmacdonald/REPOS/Invoicer/router/datas/periods/index.js 516
Thu Dec 11 17:37:21 2014 /Users/seanmacdonald/REPOS/Invoicer/router/datas/periods/.sublb63.tmp 558
Thu Dec 11 17:40:08 2014 /Users/seanmacdonald/REPOS/Invoicer/router/datas/periods/index.js 516
Thu Dec 11 17:40:08 2014 /Users/seanmacdonald/REPOS/Invoicer/router/datas/periods/.subl836.tmp 558
Thu Dec 11 17:40:48 2014 /Users/seanmacdonald/REPOS/Invoicer/router/datas/periods/index.js 516
Thu Dec 11 17:40:48 2014 /Users/seanmacdonald/REPOS/Invoicer/router/datas/periods/.subldc5.tmp 558
Thu Dec 11 17:40:53 2014 /Users/seanmacdonald/REPOS/Invoicer/router/datas/periods/index.js 516
Thu Dec 11 17:40:53 2014 /Users/seanmacdonald/REPOS/Invoicer/router/datas/periods/.subl95f.tmp 558
Thu Dec 11 17:41:30 2014 /Users/seanmacdonald/REPOS/Invoicer/router/datas/periods/index.js 516
Thu Dec 11 17:41:30 2014 /Users/seanmacdonald/REPOS/Invoicer/router/datas/periods/.sublf38.tmp 558
Thu Dec 11 17:44:45 2014 /Users/seanmacdonald/REPOS/Invoicer/router/datas/periods/index.js 516
Thu Dec 11 17:44:45 2014 /Users/seanmacdonald/REPOS/Invoicer/router/datas/periods/.subla26.tmp 558
Thu Dec 11 17:45:07 2014 /Users/seanmacdonald/REPOS/Invoicer/router/datas/periods/index.js 516
Thu Dec 11 17:45:07 2014 /Users/seanmacdonald/REPOS/Invoicer/router/datas/periods/.sublecd.tmp 558
Thu Dec 11 17:45:31 2014 /Users/seanmacdonald/REPOS/Invoicer/router/datas/periods/index.js 516
Thu Dec 11 17:45:31 2014 /Users/seanmacdonald/REPOS/Invoicer/router/datas/periods/.subla6b.tmp 558
Thu Dec 11 17:47:46 2014 /Users/seanmacdonald/REPOS/Invoicer/router/datas/periods/index.js 516
Thu Dec 11 17:47:46 2014 /Users/seanmacdonald/REPOS/Invoicer/router/datas/periods/.suble58.tmp 558
Thu Dec 11 17:49:30 2014 /Users/seanmacdonald/REPOS/Invoicer/router/datas/periods/index.js 516
Thu Dec 11 17:49:30 2014 /Users/seanmacdonald/REPOS/Invoicer/router/datas/periods/.subl704.tmp 558
Thu Dec 11 17:49:46 2014 /Users/seanmacdonald/REPOS/Invoicer/router/datas/periods/index.js 516
Thu Dec 11 17:49:46 2014 /Users/seanmacdonald/REPOS/Invoicer/router/datas/periods/.sublbd6.tmp 558
Thu Dec 11 18:29:51 2014 /Users/seanmacdonald/REPOS/Invoicer/router/datas/periods/index.js 516
Thu Dec 11 18:29:51 2014 /Users/seanmacdonald/REPOS/Invoicer/router/datas/periods/.subl445.tmp 558
Thu Dec 11 18:31:49 2014 /Users/seanmacdonald/REPOS/Invoicer/router/datas/periods/index.js 516
Thu Dec 11 18:31:49 2014 /Users/seanmacdonald/REPOS/Invoicer/router/datas/periods/.subld9.tmp 558
Thu Dec 11 18:44:16 2014 /Users/seanmacdonald/REPOS/Invoicer/router/datas/periods/index.js 516
Thu Dec 11 18:44:16 2014 /Users/seanmacdonald/REPOS/Invoicer/router/datas/periods/.sublde3.tmp 558
Thu Dec 11 18:44:48 2014 /Users/seanmacdonald/REPOS/Invoicer/router/datas/periods/index.js 516
Thu Dec 11 18:44:48 2014 /Users/seanmacdonald/REPOS/Invoicer/router/datas/periods/.subl520.tmp 558
Thu Dec 11 18:45:54 2014 /Users/seanmacdonald/REPOS/Invoicer/router/datas/periods/index.js 516
Thu Dec 11 18:45:54 2014 /Users/seanmacdonald/REPOS/Invoicer/router/datas/periods/.subl8da.tmp 558
Thu Dec 11 18:46:19 2014 /Users/seanmacdonald/REPOS/Invoicer/router/datas/periods/index.js 516
Thu Dec 11 18:46:19 2014 /Users/seanmacdonald/REPOS/Invoicer/router/datas/periods/.subld46.tmp 558
Thu Dec 11 18:47:33 2014 /Users/seanmacdonald/REPOS/Invoicer/router/datas/periods/index.js 516
Thu Dec 11 18:47:33 2014 /Users/seanmacdonald/REPOS/Invoicer/router/datas/periods/.sublcaf.tmp 558
Thu Dec 11 18:48:21 2014 /Users/seanmacdonald/REPOS/Invoicer/router/datas/periods/index.js 516
Thu Dec 11 18:48:21 2014 /Users/seanmacdonald/REPOS/Invoicer/router/datas/periods/.subl150.tmp 558
Fri Dec 12 03:48:39 2014 /Users/seanmacdonald/REPOS/Invoicer/router/datas/periods/index.js 516
Fri Dec 12 03:48:39 2014 /Users/seanmacdonald/REPOS/Invoicer/router/datas/periods/.subl1f9.tmp 558
Fri Dec 12 03:49:15 2014 /Users/seanmacdonald/REPOS/Invoicer/router/datas/periods/index.js 516
Fri Dec 12 03:49:15 2014 /Users/seanmacdonald/REPOS/Invoicer/router/datas/periods/.sublffa.tmp 558
Fri Dec 12 03:51:29 2014 /Users/seanmacdonald/REPOS/Invoicer/router/datas/periods/index.js 516
Fri Dec 12 03:51:29 2014 /Users/seanmacdonald/REPOS/Invoicer/router/datas/periods/.sublbd9.tmp 558
Fri Dec 12 03:51:44 2014 /Users/seanmacdonald/REPOS/Invoicer/router/datas/periods/index.js 516
Fri Dec 12 03:51:44 2014 /Users/seanmacdonald/REPOS/Invoicer/router/datas/periods/.subl39d.tmp 558
Fri Dec 12 03:52:08 2014 /Users/seanmacdonald/REPOS/Invoicer/router/datas/periods/index.js 516
Fri Dec 12 03:52:08 2014 /Users/seanmacdonald/REPOS/Invoicer/router/datas/periods/.subl12a.tmp 558
Fri Dec 12 04:28:23 2014 /Users/seanmacdonald/REPOS/Invoicer/router/datas/periods/index.js 516
Fri Dec 12 04:28:23 2014 /Users/seanmacdonald/REPOS/Invoicer/router/datas/periods/.subl775.tmp 558
Fri Dec 12 04:34:15 2014 /Users/seanmacdonald/REPOS/Invoicer/router/datas/periods/index.js 516
Fri Dec 12 04:34:15 2014 /Users/seanmacdonald/REPOS/Invoicer/router/datas/periods/.subl890.tmp 558
Fri Dec 12 04:38:36 2014 /Users/seanmacdonald/REPOS/Invoicer/router/datas/periods/index.js 516
Fri Dec 12 04:38:36 2014 /Users/seanmacdonald/REPOS/Invoicer/router/datas/periods/.subld43.tmp 558
Fri Dec 12 04:41:24 2014 /Users/seanmacdonald/REPOS/Invoicer/router/datas/periods/index.js 516
Fri Dec 12 04:41:24 2014 /Users/seanmacdonald/REPOS/Invoicer/router/datas/periods/.subl47b.tmp 558
Fri Dec 12 04:42:06 2014 /Users/seanmacdonald/REPOS/Invoicer/router/datas/periods/index.js 516
Fri Dec 12 04:42:06 2014 /Users/seanmacdonald/REPOS/Invoicer/router/datas/periods/.subl243.tmp 558
Fri Dec 12 04:46:59 2014 /Users/seanmacdonald/REPOS/Invoicer/router/datas/periods/index.js 516
Fri Dec 12 04:46:59 2014 /Users/seanmacdonald/REPOS/Invoicer/router/datas/periods/.subl738.tmp 558
Fri Dec 12 04:48:33 2014 /Users/seanmacdonald/REPOS/Invoicer/router/datas/periods/index.js 516
Fri Dec 12 04:48:33 2014 /Users/seanmacdonald/REPOS/Invoicer/router/datas/periods/.subl1d5.tmp 558
Fri Dec 12 04:49:11 2014 /Users/seanmacdonald/REPOS/Invoicer/router/datas/periods/index.js 516
Fri Dec 12 04:49:11 2014 /Users/seanmacdonald/REPOS/Invoicer/router/datas/periods/.subl94c.tmp 558
Fri Dec 12 04:50:20 2014 /Users/seanmacdonald/REPOS/Invoicer/router/datas/periods/index.js 516
Fri Dec 12 04:50:20 2014 /Users/seanmacdonald/REPOS/Invoicer/router/datas/periods/.sublfb7.tmp 558
Fri Dec 12 04:58:03 2014 /Users/seanmacdonald/REPOS/Invoicer/router/datas/git/log.js 516
Fri Dec 12 04:58:03 2014 /Users/seanmacdonald/REPOS/Invoicer/router/datas/git/.subl5b0.tmp 558
Fri Dec 12 05:00:12 2014 /Users/seanmacdonald/REPOS/Invoicer/router/datas/git/log.js 516
Fri Dec 12 05:00:12 2014 /Users/seanmacdonald/REPOS/Invoicer/router/datas/git/.sublc6c.tmp 558
Fri Dec 12 05:00:47 2014 /Users/seanmacdonald/REPOS/Invoicer/router/datas/git/log.js 516
Fri Dec 12 05:00:47 2014 /Users/seanmacdonald/REPOS/Invoicer/router/datas/git/.subl833.tmp 558
Fri Dec 12 05:01:40 2014 /Users/seanmacdonald/REPOS/Invoicer/router/datas/git/log.js 516
Fri Dec 12 05:01:40 2014 /Users/seanmacdonald/REPOS/Invoicer/router/datas/git/.subl580.tmp 558
Fri Dec 12 05:02:35 2014 /Users/seanmacdonald/REPOS/Invoicer/router/datas/git/log.js 516
Fri Dec 12 05:02:35 2014 /Users/seanmacdonald/REPOS/Invoicer/router/datas/git/.suble33.tmp 558
Fri Dec 12 05:03:04 2014 /Users/seanmacdonald/REPOS/Invoicer/router/datas/git/log.js 516
Fri Dec 12 05:03:04 2014 /Users/seanmacdonald/REPOS/Invoicer/router/datas/git/.subla07.tmp 558
Fri Dec 12 05:03:23 2014 /Users/seanmacdonald/REPOS/Invoicer/router/datas/git/log.js 516
Fri Dec 12 05:03:23 2014 /Users/seanmacdonald/REPOS/Invoicer/router/datas/git/.subl653.tmp 558
Fri Dec 12 05:05:02 2014 /Users/seanmacdonald/REPOS/Invoicer/router/datas/git/log.js 516
Fri Dec 12 05:05:02 2014 /Users/seanmacdonald/REPOS/Invoicer/router/datas/git/.subl6.tmp 558
Fri Dec 12 05:05:34 2014 /Users/seanmacdonald/REPOS/Invoicer/router/datas/git/log.js 516
Fri Dec 12 05:05:34 2014 /Users/seanmacdonald/REPOS/Invoicer/router/datas/git/.subl3e7.tmp 558
Fri Dec 12 05:07:05 2014 /Users/seanmacdonald/REPOS/Invoicer/router/datas/git/log copy.js 615
Fri Dec 12 05:07:10 2014 /Users/seanmacdonald/REPOS/Invoicer/router/datas/git/log copy.js 528
Fri Dec 12 05:07:10 2014 /Users/seanmacdonald/REPOS/Invoicer/router/datas/git/activedays.js 528
Fri Dec 12 05:08:30 2014 /Users/seanmacdonald/REPOS/Invoicer/router/datas/git/activedays.js 516
Fri Dec 12 05:08:30 2014 /Users/seanmacdonald/REPOS/Invoicer/router/datas/git/.sublc4a.tmp 558
Fri Dec 12 05:13:44 2014 /Users/seanmacdonald/REPOS/Invoicer/router/datas/git/log.js 516
Fri Dec 12 05:13:44 2014 /Users/seanmacdonald/REPOS/Invoicer/router/datas/git/.subldf3.tmp 558
Fri Dec 12 05:16:30 2014 /Users/seanmacdonald/REPOS/Invoicer/router/datas/git/log.js 516
Fri Dec 12 05:16:30 2014 /Users/seanmacdonald/REPOS/Invoicer/router/datas/git/.subl3a1.tmp 558
Fri Dec 12 05:16:54 2014 /Users/seanmacdonald/REPOS/Invoicer/router/datas/git/log.js 516
Fri Dec 12 05:16:54 2014 /Users/seanmacdonald/REPOS/Invoicer/router/datas/git/.subla37.tmp 558
Fri Dec 12 05:17:20 2014 /Users/seanmacdonald/REPOS/Invoicer/router/datas/git/log.js 516
Fri Dec 12 05:17:20 2014 /Users/seanmacdonald/REPOS/Invoicer/router/datas/git/.subl5a1.tmp 558
Fri Dec 12 05:18:06 2014 /Users/seanmacdonald/REPOS/Invoicer/router/datas/git/log.js 516
Fri Dec 12 05:18:06 2014 /Users/seanmacdonald/REPOS/Invoicer/router/datas/git/.subl42.tmp 558
Fri Dec 12 05:18:29 2014 /Users/seanmacdonald/REPOS/Invoicer/router/datas/git/log.js 516
Fri Dec 12 05:18:29 2014 /Users/seanmacdonald/REPOS/Invoicer/router/datas/git/.subl414.tmp 558
Fri Dec 12 05:20:10 2014 /Users/seanmacdonald/REPOS/Invoicer/router/datas/git/log.js 516
Fri Dec 12 05:20:10 2014 /Users/seanmacdonald/REPOS/Invoicer/router/datas/git/.subl524.tmp 558
Fri Dec 12 05:21:32 2014 /Users/seanmacdonald/REPOS/Invoicer/router/datas/git/log.js 516
Fri Dec 12 05:21:32 2014 /Users/seanmacdonald/REPOS/Invoicer/router/datas/git/.subl3ba.tmp 558
Fri Dec 12 05:22:10 2014 /Users/seanmacdonald/REPOS/Invoicer/router/datas/git/log.js 516
Fri Dec 12 05:22:10 2014 /Users/seanmacdonald/REPOS/Invoicer/router/datas/git/.sublfaf.tmp 558
Fri Dec 12 05:22:40 2014 /Users/seanmacdonald/REPOS/Invoicer/router/datas/git/log.js 516
Fri Dec 12 05:22:40 2014 /Users/seanmacdonald/REPOS/Invoicer/router/datas/git/.subl570.tmp 558
Fri Dec 12 05:23:21 2014 /Users/seanmacdonald/REPOS/Invoicer/router/datas/git/log.js 516
Fri Dec 12 05:23:21 2014 /Users/seanmacdonald/REPOS/Invoicer/router/datas/git/.subl9c3.tmp 558
Fri Dec 12 05:23:59 2014 /Users/seanmacdonald/REPOS/Invoicer/router/datas/git/log.js 516
Fri Dec 12 05:23:59 2014 /Users/seanmacdonald/REPOS/Invoicer/router/datas/git/.sublcd4.tmp 558
Fri Dec 12 05:24:27 2014 /Users/seanmacdonald/REPOS/Invoicer/router/datas/git/log.js 516
Fri Dec 12 05:24:27 2014 /Users/seanmacdonald/REPOS/Invoicer/router/datas/git/.subld26.tmp 558
Fri Dec 12 05:31:38 2014 /Users/seanmacdonald/REPOS/Invoicer/router/datas/git/log.js 516
Fri Dec 12 05:31:38 2014 /Users/seanmacdonald/REPOS/Invoicer/router/datas/git/.subl405.tmp 558
Fri Dec 12 05:31:50 2014 /Users/seanmacdonald/REPOS/Invoicer/router/datas/git/log.js 516
Fri Dec 12 05:31:50 2014 /Users/seanmacdonald/REPOS/Invoicer/router/datas/git/.subl414.tmp 558
Fri Dec 12 05:32:08 2014 /Users/seanmacdonald/REPOS/Invoicer/router/datas/git/log.js 516
Fri Dec 12 05:32:08 2014 /Users/seanmacdonald/REPOS/Invoicer/router/datas/git/.sublab.tmp 558
Fri Dec 12 05:32:36 2014 /Users/seanmacdonald/REPOS/Invoicer/router/datas/git/log.js 516
Fri Dec 12 05:32:36 2014 /Users/seanmacdonald/REPOS/Invoicer/router/datas/git/.subl44b.tmp 558
Fri Dec 12 05:33:27 2014 /Users/seanmacdonald/REPOS/Invoicer/router/datas/git/log.js 516
Fri Dec 12 05:33:27 2014 /Users/seanmacdonald/REPOS/Invoicer/router/datas/git/.sublf74.tmp 558
Fri Dec 12 05:35:11 2014 /Users/seanmacdonald/REPOS/Invoicer/router/datas/git/log.js 516
Fri Dec 12 05:35:11 2014 /Users/seanmacdonald/REPOS/Invoicer/router/datas/git/.sublf3a.tmp 558
Fri Dec 12 05:35:28 2014 /Users/seanmacdonald/REPOS/Invoicer/router/datas/git/log.js 516
Fri Dec 12 05:35:28 2014 /Users/seanmacdonald/REPOS/Invoicer/router/datas/git/.subl861.tmp 558
Fri Dec 12 05:35:58 2014 /Users/seanmacdonald/REPOS/Invoicer/router/datas/git/log.js 516
Fri Dec 12 05:35:58 2014 /Users/seanmacdonald/REPOS/Invoicer/router/datas/git/.subl510.tmp 558
Fri Dec 12 05:36:23 2014 /Users/seanmacdonald/REPOS/Invoicer/router/datas/git/log.js 516
Fri Dec 12 05:36:23 2014 /Users/seanmacdonald/REPOS/Invoicer/router/datas/git/.subl656.tmp 558
Fri Dec 12 05:36:40 2014 /Users/seanmacdonald/REPOS/Invoicer/router/datas/git/log.js 516
Fri Dec 12 05:36:40 2014 /Users/seanmacdonald/REPOS/Invoicer/router/datas/git/.subl915.tmp 558
Fri Dec 12 05:37:09 2014 /Users/seanmacdonald/REPOS/Invoicer/router/datas/git/log.js 516
Fri Dec 12 05:37:09 2014 /Users/seanmacdonald/REPOS/Invoicer/router/datas/git/.subla1f.tmp 558
Fri Dec 12 05:37:36 2014 /Users/seanmacdonald/REPOS/Invoicer/router/datas/git/log.js 516
Fri Dec 12 05:37:36 2014 /Users/seanmacdonald/REPOS/Invoicer/router/datas/git/.sublc1f.tmp 558
Fri Dec 12 05:37:54 2014 /Users/seanmacdonald/REPOS/Invoicer/router/datas/git/log.js 516
Fri Dec 12 05:37:54 2014 /Users/seanmacdonald/REPOS/Invoicer/router/datas/git/.subl93.tmp 558
Fri Dec 12 05:39:35 2014 /Users/seanmacdonald/REPOS/Invoicer/router/datas/git/log.js 516
Fri Dec 12 05:39:35 2014 /Users/seanmacdonald/REPOS/Invoicer/router/datas/git/.subl851.tmp 558
Fri Dec 12 05:39:56 2014 /Users/seanmacdonald/REPOS/Invoicer/router/datas/git/index.js 516
Fri Dec 12 05:39:56 2014 /Users/seanmacdonald/REPOS/Invoicer/router/datas/git/.subl95b.tmp 558
Fri Dec 12 05:58:42 2014 /Users/seanmacdonald/REPOS/Invoicer/router/datas/git/log.js 516
Fri Dec 12 05:58:42 2014 /Users/seanmacdonald/REPOS/Invoicer/router/datas/git/.subl1fb.tmp 558
Fri Dec 12 05:59:46 2014 /Users/seanmacdonald/REPOS/Invoicer/router/datas/git/log.js 516
Fri Dec 12 05:59:46 2014 /Users/seanmacdonald/REPOS/Invoicer/router/datas/git/.subl249.tmp 558
Fri Dec 12 06:00:12 2014 /Users/seanmacdonald/REPOS/Invoicer/router/datas/git/log.js 516
Fri Dec 12 06:00:12 2014 /Users/seanmacdonald/REPOS/Invoicer/router/datas/git/.sublc63.tmp 558
Fri Dec 12 06:04:08 2014 /Users/seanmacdonald/REPOS/Invoicer/router/datas/git/log.js 516
Fri Dec 12 06:04:08 2014 /Users/seanmacdonald/REPOS/Invoicer/router/datas/git/.subl915.tmp 558
Fri Dec 12 06:18:47 2014 /Users/seanmacdonald/REPOS/Invoicer/router/datas/periods/index.js 516
Fri Dec 12 06:18:47 2014 /Users/seanmacdonald/REPOS/Invoicer/router/datas/periods/.sublc6e.tmp 558
Fri Dec 12 06:21:16 2014 /Users/seanmacdonald/REPOS/Invoicer/router/datas/periods/index.js 516
Fri Dec 12 06:21:16 2014 /Users/seanmacdonald/REPOS/Invoicer/router/datas/periods/.subl550.tmp 558
Fri Dec 12 06:21:42 2014 /Users/seanmacdonald/REPOS/Invoicer/router/datas/periods/index.js 516
Fri Dec 12 06:21:42 2014 /Users/seanmacdonald/REPOS/Invoicer/router/datas/periods/.subl755.tmp 558
Fri Dec 12 06:22:33 2014 /Users/seanmacdonald/REPOS/Invoicer/router/datas/periods/index.js 516
Fri Dec 12 06:22:33 2014 /Users/seanmacdonald/REPOS/Invoicer/router/datas/periods/.subl35f.tmp 558
Fri Dec 12 06:22:49 2014 /Users/seanmacdonald/REPOS/Invoicer/router/datas/periods/index.js 516
Fri Dec 12 06:22:49 2014 /Users/seanmacdonald/REPOS/Invoicer/router/datas/periods/.sublab1.tmp 558
Fri Dec 12 06:23:26 2014 /Users/seanmacdonald/REPOS/Invoicer/router/datas/periods/index.js 516
Fri Dec 12 06:23:26 2014 /Users/seanmacdonald/REPOS/Invoicer/router/datas/periods/.subl220.tmp 558
Fri Dec 12 06:26:01 2014 /Users/seanmacdonald/REPOS/Invoicer/router/datas/periods/index.js 516
Fri Dec 12 06:26:01 2014 /Users/seanmacdonald/REPOS/Invoicer/router/datas/periods/.subl82.tmp 558
Fri Dec 12 06:27:02 2014 /Users/seanmacdonald/REPOS/Invoicer/router/datas/periods/index.js 516
Fri Dec 12 06:27:02 2014 /Users/seanmacdonald/REPOS/Invoicer/router/datas/periods/.subl6e7.tmp 558
Fri Dec 12 06:28:45 2014 /Users/seanmacdonald/REPOS/Invoicer/router/datas/periods/index.js 516
Fri Dec 12 06:28:45 2014 /Users/seanmacdonald/REPOS/Invoicer/router/datas/periods/.sublbc3.tmp 558
Fri Dec 12 06:30:59 2014 /Users/seanmacdonald/REPOS/Invoicer/router/datas/periods/index.js 516
Fri Dec 12 06:30:59 2014 /Users/seanmacdonald/REPOS/Invoicer/router/datas/periods/.sublcf1.tmp 558
Fri Dec 12 06:31:57 2014 /Users/seanmacdonald/REPOS/Invoicer/router/datas/periods/index.js 516
Fri Dec 12 06:31:57 2014 /Users/seanmacdonald/REPOS/Invoicer/router/datas/periods/.sublcb5.tmp 558
Fri Dec 12 06:32:29 2014 /Users/seanmacdonald/REPOS/Invoicer/router/datas/periods/index.js 516
Fri Dec 12 06:32:29 2014 /Users/seanmacdonald/REPOS/Invoicer/router/datas/periods/.sublc4c.tmp 558
Fri Dec 12 06:34:09 2014 /Users/seanmacdonald/REPOS/Invoicer/router/datas/periods/index.js 516
Fri Dec 12 06:34:09 2014 /Users/seanmacdonald/REPOS/Invoicer/router/datas/periods/.subl25.tmp 558
Fri Dec 12 14:26:03 2014 /Users/seanmacdonald/REPOS/Invoicer/app/periods.html 614
Fri Dec 12 14:41:39 2014 /Users/seanmacdonald/REPOS/Invoicer/app/periods.html 516
Fri Dec 12 14:41:39 2014 /Users/seanmacdonald/REPOS/Invoicer/app/.subldd0.tmp 558
Fri Dec 12 14:43:05 2014 /Users/seanmacdonald/REPOS/Invoicer/app/scripts/histogram copy.js 615
Fri Dec 12 14:43:10 2014 /Users/seanmacdonald/REPOS/Invoicer/app/scripts/histogram copy.js 528
Fri Dec 12 14:43:10 2014 /Users/seanmacdonald/REPOS/Invoicer/app/scripts/periods.js 528
Fri Dec 12 14:47:50 2014 /Users/seanmacdonald/REPOS/Invoicer/app/scripts/periods.js 516
Fri Dec 12 14:47:50 2014 /Users/seanmacdonald/REPOS/Invoicer/app/scripts/.subl8e9.tmp 558
Fri Dec 12 14:47:51 2014 /Users/seanmacdonald/REPOS/Invoicer/app/periods.html 516
Fri Dec 12 14:47:51 2014 /Users/seanmacdonald/REPOS/Invoicer/app/.suble16.tmp 558
Fri Dec 12 14:48:45 2014 /Users/seanmacdonald/REPOS/Invoicer/app/styles/periods.css 614
Fri Dec 12 14:59:19 2014 /Users/seanmacdonald/REPOS/Invoicer/app/styles/periods.css 516
Fri Dec 12 14:59:19 2014 /Users/seanmacdonald/REPOS/Invoicer/app/styles/.subl300.tmp 558
Fri Dec 12 15:00:03 2014 /Users/seanmacdonald/REPOS/Invoicer/app/periods.html 516
Fri Dec 12 15:00:03 2014 /Users/seanmacdonald/REPOS/Invoicer/app/.subl7ac.tmp 558
Fri Dec 12 15:10:40 2014 /Users/seanmacdonald/REPOS/Invoicer/app/periods.html 516
Fri Dec 12 15:10:40 2014 /Users/seanmacdonald/REPOS/Invoicer/app/.suble5a.tmp 558
Fri Dec 12 15:10:41 2014 /Users/seanmacdonald/REPOS/Invoicer/app/scripts/periods.js 516
Fri Dec 12 15:10:41 2014 /Users/seanmacdonald/REPOS/Invoicer/app/scripts/.suble8b.tmp 558
Fri Dec 12 15:11:11 2014 /Users/seanmacdonald/REPOS/Invoicer/app/periods.html 516
Fri Dec 12 15:11:11 2014 /Users/seanmacdonald/REPOS/Invoicer/app/.subl8e5.tmp 558
Fri Dec 12 15:11:32 2014 /Users/seanmacdonald/REPOS/Invoicer/app/scripts/periods.js 516
Fri Dec 12 15:11:32 2014 /Users/seanmacdonald/REPOS/Invoicer/app/scripts/.sublea2.tmp 558
Fri Dec 12 15:12:21 2014 /Users/seanmacdonald/REPOS/Invoicer/app/scripts/periods.js 516
Fri Dec 12 15:12:21 2014 /Users/seanmacdonald/REPOS/Invoicer/app/scripts/.subl20d.tmp 558
Fri Dec 12 15:29:46 2014 /Users/seanmacdonald/REPOS/Invoicer/npm-debug.log.ea1d6d7537e506829a3f2354de938f8e 530
Fri Dec 12 15:29:46 2014 /Users/seanmacdonald/REPOS/Invoicer/npm-debug.log 532
Fri Dec 12 15:29:56 2014 /Users/seanmacdonald/REPOS/Invoicer/node_modules/node-uuid 1026
Fri Dec 12 15:29:56 2014 /Users/seanmacdonald/REPOS/Invoicer/node_modules/node-uuid/package.json 550
Fri Dec 12 15:29:57 2014 /Users/seanmacdonald/REPOS/Invoicer/node_modules/node-uuid/.npmignore 551
Fri Dec 12 15:29:57 2014 /Users/seanmacdonald/REPOS/Invoicer/node_modules/node-uuid/README.md 551
Fri Dec 12 15:29:57 2014 /Users/seanmacdonald/REPOS/Invoicer/node_modules/node-uuid/uuid.js 551
Fri Dec 12 15:29:57 2014 /Users/seanmacdonald/REPOS/Invoicer/node_modules/node-uuid/benchmark/README.md 551
Fri Dec 12 15:29:57 2014 /Users/seanmacdonald/REPOS/Invoicer/node_modules/node-uuid/benchmark 1059
Fri Dec 12 15:29:57 2014 /Users/seanmacdonald/REPOS/Invoicer/node_modules/node-uuid/benchmark/benchmark.js 551
Fri Dec 12 15:29:57 2014 /Users/seanmacdonald/REPOS/Invoicer/node_modules/node-uuid/benchmark/bench.gnu 551
Fri Dec 12 15:29:57 2014 /Users/seanmacdonald/REPOS/Invoicer/node_modules/node-uuid/benchmark/bench.sh 551
Fri Dec 12 15:29:57 2014 /Users/seanmacdonald/REPOS/Invoicer/node_modules/node-uuid/benchmark/benchmark-native.c 551
Fri Dec 12 15:29:57 2014 /Users/seanmacdonald/REPOS/Invoicer/node_modules/node-uuid/LICENSE.md 551
Fri Dec 12 15:29:57 2014 /Users/seanmacdonald/REPOS/Invoicer/node_modules/node-uuid/component.json 551
Fri Dec 12 15:29:57 2014 /Users/seanmacdonald/REPOS/Invoicer/node_modules/node-uuid/test/compare_v1.js 551
Fri Dec 12 15:29:57 2014 /Users/seanmacdonald/REPOS/Invoicer/node_modules/node-uuid/test 1059
Fri Dec 12 15:29:57 2014 /Users/seanmacdonald/REPOS/Invoicer/node_modules/node-uuid/test/test.js 551
Fri Dec 12 15:29:57 2014 /Users/seanmacdonald/REPOS/Invoicer/node_modules/node-uuid/test/test.html 551
Fri Dec 12 15:29:57 2014 /Users/seanmacdonald/REPOS/Invoicer/node_modules/node-uuid/bin 1059
Fri Dec 12 15:29:57 2014 /Users/seanmacdonald/REPOS/Invoicer/node_modules/node-uuid 1058
Fri Dec 12 15:29:57 2014 /Users/seanmacdonald/REPOS/Invoicer/node_modules/node-uuid/package.json 551
Fri Dec 12 15:29:57 2014 /Users/seanmacdonald/REPOS/Invoicer/node_modules/.bin/uuid 2050
Fri Dec 12 15:29:57 2014 /Users/seanmacdonald/REPOS/Invoicer/node_modules/node-uuid/bin/uuid 551
Fri Dec 12 15:30:01 2014 /Users/seanmacdonald/REPOS/Invoicer/package.json.03ea1e7c6ee739af06381bd05bf0c555 534
Fri Dec 12 15:30:01 2014 /Users/seanmacdonald/REPOS/Invoicer/package.json 528
Fri Dec 12 15:30:01 2014 /Users/seanmacdonald/REPOS/Invoicer/npm-debug.log 540
Fri Dec 12 15:30:02 2014 /Users/seanmacdonald/REPOS/Invoicer/package.json 592
Fri Dec 12 15:30:44 2014 /Users/seanmacdonald/REPOS/Invoicer/router/datas/periods/index.js 516
Fri Dec 12 15:30:44 2014 /Users/seanmacdonald/REPOS/Invoicer/router/datas/periods/.subl732.tmp 558
Fri Dec 12 15:31:06 2014 /Users/seanmacdonald/REPOS/Invoicer/app/scripts/periods.js 516
Fri Dec 12 15:31:06 2014 /Users/seanmacdonald/REPOS/Invoicer/app/scripts/.sublc87.tmp 558
Fri Dec 12 15:31:15 2014 /Users/seanmacdonald/REPOS/Invoicer/app/periods.html 516
Fri Dec 12 15:31:15 2014 /Users/seanmacdonald/REPOS/Invoicer/app/.suble17.tmp 558
Fri Dec 12 15:39:27 2014 /Users/seanmacdonald/REPOS/Invoicer/app/scripts/periods.js 516
Fri Dec 12 15:39:27 2014 /Users/seanmacdonald/REPOS/Invoicer/app/scripts/.sublb21.tmp 558
Fri Dec 12 15:39:44 2014 /Users/seanmacdonald/REPOS/Invoicer/app/scripts/periods.js 516
Fri Dec 12 15:39:44 2014 /Users/seanmacdonald/REPOS/Invoicer/app/scripts/.subl998.tmp 558
Fri Dec 12 15:44:47 2014 /Users/seanmacdonald/REPOS/Invoicer/app/scripts/periods.js 516
Fri Dec 12 15:44:47 2014 /Users/seanmacdonald/REPOS/Invoicer/app/scripts/.subl7c0.tmp 558
Fri Dec 12 15:45:01 2014 /Users/seanmacdonald/REPOS/Invoicer/app/scripts/periods.js 516
Fri Dec 12 15:45:01 2014 /Users/seanmacdonald/REPOS/Invoicer/app/scripts/.subl144.tmp 558
Fri Dec 12 15:47:44 2014 /Users/seanmacdonald/REPOS/Invoicer/app/scripts/periods.js 516
Fri Dec 12 15:47:44 2014 /Users/seanmacdonald/REPOS/Invoicer/app/scripts/.sublfed.tmp 558
Fri Dec 12 17:47:13 2014 /Users/seanmacdonald/REPOS/Invoicer/router/datas/periods/index.js 516
Fri Dec 12 17:47:13 2014 /Users/seanmacdonald/REPOS/Invoicer/router/datas/periods/.subl868.tmp 558
Fri Dec 12 17:48:20 2014 /Users/seanmacdonald/REPOS/Invoicer/app/scripts/periods.js 516
Fri Dec 12 17:48:20 2014 /Users/seanmacdonald/REPOS/Invoicer/app/scripts/.sublc01.tmp 558
Fri Dec 12 17:49:05 2014 /Users/seanmacdonald/REPOS/Invoicer/app/scripts/periods.js 516
Fri Dec 12 17:49:05 2014 /Users/seanmacdonald/REPOS/Invoicer/app/scripts/.subl76e.tmp 558
Fri Dec 12 17:51:08 2014 /Users/seanmacdonald/REPOS/Invoicer/app/scripts/periods.js 516
Fri Dec 12 17:51:08 2014 /Users/seanmacdonald/REPOS/Invoicer/app/scripts/.subld3f.tmp 558
Fri Dec 12 17:55:10 2014 /Users/seanmacdonald/REPOS/Invoicer/app/scripts/periods.js 516
Fri Dec 12 17:55:10 2014 /Users/seanmacdonald/REPOS/Invoicer/app/scripts/.subl5be.tmp 558
Fri Dec 12 17:58:08 2014 /Users/seanmacdonald/REPOS/Invoicer/app/scripts/periods.js 516
Fri Dec 12 17:58:08 2014 /Users/seanmacdonald/REPOS/Invoicer/app/scripts/.subl32d.tmp 558
Fri Dec 12 17:59:53 2014 /Users/seanmacdonald/REPOS/Invoicer/app/scripts/periods.js 516
Fri Dec 12 17:59:53 2014 /Users/seanmacdonald/REPOS/Invoicer/app/scripts/.sublcfe.tmp 558
Fri Dec 12 18:00:03 2014 /Users/seanmacdonald/REPOS/Invoicer/app/scripts/periods.js 516
Fri Dec 12 18:00:03 2014 /Users/seanmacdonald/REPOS/Invoicer/app/scripts/.sublc24.tmp 558
Fri Dec 12 18:00:18 2014 /Users/seanmacdonald/REPOS/Invoicer/app/scripts/periods.js 516
Fri Dec 12 18:00:18 2014 /Users/seanmacdonald/REPOS/Invoicer/app/scripts/.subl3a2.tmp 558
Fri Dec 12 18:00:46 2014 /Users/seanmacdonald/REPOS/Invoicer/app/scripts/periods.js 516
Fri Dec 12 18:00:46 2014 /Users/seanmacdonald/REPOS/Invoicer/app/scripts/.sublb0c.tmp 558
Fri Dec 12 18:04:01 2014 /Users/seanmacdonald/REPOS/Invoicer/app/scripts/periods.js 516
Fri Dec 12 18:04:01 2014 /Users/seanmacdonald/REPOS/Invoicer/app/scripts/.subl5cc.tmp 558
Fri Dec 12 18:08:42 2014 /Users/seanmacdonald/REPOS/Invoicer/app/scripts/periods.js 516
Fri Dec 12 18:08:42 2014 /Users/seanmacdonald/REPOS/Invoicer/app/scripts/.subl2be.tmp 558
Fri Dec 12 18:08:54 2014 /Users/seanmacdonald/REPOS/Invoicer/app/scripts/periods.js 516
Fri Dec 12 18:08:54 2014 /Users/seanmacdonald/REPOS/Invoicer/app/scripts/.sublf5f.tmp 558
Fri Dec 12 18:26:32 2014 /Users/seanmacdonald/REPOS/Invoicer/app/scripts/periods.js 516
Fri Dec 12 18:26:32 2014 /Users/seanmacdonald/REPOS/Invoicer/app/scripts/.subl1e9.tmp 558
Fri Dec 12 18:26:42 2014 /Users/seanmacdonald/REPOS/Invoicer/app/scripts/periods.js 516
Fri Dec 12 18:26:42 2014 /Users/seanmacdonald/REPOS/Invoicer/app/scripts/.subla7b.tmp 558
Fri Dec 12 18:27:05 2014 /Users/seanmacdonald/REPOS/Invoicer/app/scripts/periods.js 516
Fri Dec 12 18:27:05 2014 /Users/seanmacdonald/REPOS/Invoicer/app/scripts/.sublcbc.tmp 558
Fri Dec 12 18:27:45 2014 /Users/seanmacdonald/REPOS/Invoicer/app/scripts/periods.js 516
Fri Dec 12 18:27:45 2014 /Users/seanmacdonald/REPOS/Invoicer/app/scripts/.subld6b.tmp 558
Fri Dec 12 18:28:24 2014 /Users/seanmacdonald/REPOS/Invoicer/app/scripts/periods.js 516
Fri Dec 12 18:28:24 2014 /Users/seanmacdonald/REPOS/Invoicer/app/scripts/.subl67c.tmp 558
Fri Dec 12 18:31:00 2014 /Users/seanmacdonald/REPOS/Invoicer/app/scripts/periods.js 516
Fri Dec 12 18:31:00 2014 /Users/seanmacdonald/REPOS/Invoicer/app/scripts/.subl420.tmp 558
Fri Dec 12 18:32:03 2014 /Users/seanmacdonald/REPOS/Invoicer/app/scripts/periods.js 516
Fri Dec 12 18:32:03 2014 /Users/seanmacdonald/REPOS/Invoicer/app/scripts/.sublb84.tmp 558
Fri Dec 12 18:36:16 2014 /Users/seanmacdonald/REPOS/Invoicer/bork.txt 514
Sat Dec 13 15:33:16 2014 /Users/seanmacdonald/REPOS/Invoicer/router/datas/.DS_Store 517
Sat Dec 13 15:33:20 2014 /Users/seanmacdonald/REPOS/Invoicer/app/.DS_Store 583
Sat Dec 13 15:33:20 2014 /Users/seanmacdonald/REPOS/Invoicer/router/datas/.DS_Store 517
Sat Dec 13 15:43:46 2014 /Users/seanmacdonald/REPOS/Invoicer/app/scripts/periods.js 516
Sat Dec 13 15:43:46 2014 /Users/seanmacdonald/REPOS/Invoicer/app/scripts/.subl829.tmp 558
Sat Dec 13 15:45:51 2014 /Users/seanmacdonald/REPOS/Invoicer/app/scripts/periods.js 516
Sat Dec 13 15:45:51 2014 /Users/seanmacdonald/REPOS/Invoicer/app/scripts/.sublbf.tmp 558
Sat Dec 13 15:47:07 2014 /Users/seanmacdonald/REPOS/Invoicer/app/scripts/periods.js 516
Sat Dec 13 15:47:07 2014 /Users/seanmacdonald/REPOS/Invoicer/app/scripts/.subl82c.tmp 558
Sat Dec 13 15:48:06 2014 /Users/seanmacdonald/REPOS/Invoicer/app/scripts/periods.js 516
Sat Dec 13 15:48:06 2014 /Users/seanmacdonald/REPOS/Invoicer/app/scripts/.subl5c0.tmp 558
Sat Dec 13 15:49:24 2014 /Users/seanmacdonald/REPOS/Invoicer/app/scripts/periods.js 516
Sat Dec 13 15:49:24 2014 /Users/seanmacdonald/REPOS/Invoicer/app/scripts/.subldb1.tmp 558
Sat Dec 13 15:49:55 2014 /Users/seanmacdonald/REPOS/Invoicer/app/scripts/periods.js 516
Sat Dec 13 15:49:55 2014 /Users/seanmacdonald/REPOS/Invoicer/app/scripts/.subl328.tmp 558
Sat Dec 13 15:53:07 2014 /Users/seanmacdonald/REPOS/Invoicer/app/scripts/periods.js 516
Sat Dec 13 15:53:07 2014 /Users/seanmacdonald/REPOS/Invoicer/app/scripts/.subl6b3.tmp 558
Sat Dec 13 15:54:31 2014 /Users/seanmacdonald/REPOS/Invoicer/app/scripts/periods.js 516
Sat Dec 13 15:54:31 2014 /Users/seanmacdonald/REPOS/Invoicer/app/scripts/.subla0d.tmp 558
Sat Dec 13 15:54:58 2014 /Users/seanmacdonald/REPOS/Invoicer/app/scripts/periods.js 516
Sat Dec 13 15:54:58 2014 /Users/seanmacdonald/REPOS/Invoicer/app/scripts/.subl5d1.tmp 558
Sat Dec 13 17:42:31 2014 /Users/seanmacdonald/REPOS/Invoicer/app/scripts/periods.js 516
Sat Dec 13 17:42:31 2014 /Users/seanmacdonald/REPOS/Invoicer/app/scripts/.subl902.tmp 558
Sat Dec 13 17:43:51 2014 /Users/seanmacdonald/REPOS/Invoicer/app/scripts/periods.js 516
Sat Dec 13 17:43:51 2014 /Users/seanmacdonald/REPOS/Invoicer/app/scripts/.subl595.tmp 558
Sat Dec 13 17:43:52 2014 /Users/seanmacdonald/REPOS/Invoicer/app/scripts/periods.js 516
Sat Dec 13 17:43:52 2014 /Users/seanmacdonald/REPOS/Invoicer/app/scripts/.subl4ad.tmp 558
Sat Dec 13 17:44:40 2014 /Users/seanmacdonald/REPOS/Invoicer/app/scripts/periods.js 516
Sat Dec 13 17:44:40 2014 /Users/seanmacdonald/REPOS/Invoicer/app/scripts/.subl39f.tmp 558
Sat Dec 13 17:45:28 2014 /Users/seanmacdonald/REPOS/Invoicer/app/scripts/periods.js 516
Sat Dec 13 17:45:28 2014 /Users/seanmacdonald/REPOS/Invoicer/app/scripts/.subl6dd.tmp 558
Sat Dec 13 17:45:38 2014 /Users/seanmacdonald/REPOS/Invoicer/app/scripts/periods.js 516
Sat Dec 13 17:45:38 2014 /Users/seanmacdonald/REPOS/Invoicer/app/scripts/.sublae6.tmp 558
Sat Dec 13 17:46:48 2014 /Users/seanmacdonald/REPOS/Invoicer/app/scripts/periods.js 516
Sat Dec 13 17:46:48 2014 /Users/seanmacdonald/REPOS/Invoicer/app/scripts/.sublf4e.tmp 558
