Fri Dec 12 18:38:07 2014 /Users/seanmacdonald/REPOS/Invoicer/zonk.txt 514
Fri Dec 12 19:00:17 2014 /Users/seanmacdonald/REPOS/Invoicer/Invoicer.sublime-workspace 582
Fri Dec 12 19:00:34 2014 /Users/seanmacdonald/REPOS/Invoicer/Invoicer.sublime-workspace 583
Fri Dec 12 19:00:42 2014 /Users/seanmacdonald/REPOS/Invoicer/Invoicer.sublime-project 519
Fri Dec 12 19:00:42 2014 /Users/seanmacdonald/REPOS/Invoicer/Invoicer.sublime-workspace 517
Fri Dec 12 19:00:43 2014 /Users/seanmacdonald/REPOS/Invoicer/Invoicer.sublime-project 583
Fri Dec 12 19:00:43 2014 /Users/seanmacdonald/REPOS/Invoicer/Invoicer.sublime-workspace 581
Fri Dec 12 19:01:09 2014 /Users/seanmacdonald/REPOS/Invoicer/app/so.html 614
Fri Dec 12 19:01:29 2014 /Users/seanmacdonald/REPOS/Invoicer/app/so.html 516
Fri Dec 12 19:01:29 2014 /Users/seanmacdonald/REPOS/Invoicer/app/.subl917.tmp 558
Fri Dec 12 19:01:57 2014 /Users/seanmacdonald/REPOS/Invoicer/node_modules/node-uuid 1026
Fri Dec 12 19:01:57 2014 /Users/seanmacdonald/REPOS/Invoicer/node_modules/git-tools 1026
Fri Dec 12 19:01:57 2014 /Users/seanmacdonald/REPOS/Invoicer/node_modules/node-uuid/.npmignore 519
Fri Dec 12 19:01:57 2014 /Users/seanmacdonald/REPOS/Invoicer/node_modules/git-tools/.npmignore 519
Fri Dec 12 19:01:57 2014 /Users/seanmacdonald/REPOS/Invoicer/node_modules/node-uuid/README.md 519
Fri Dec 12 19:01:57 2014 /Users/seanmacdonald/REPOS/Invoicer/node_modules/git-tools/README.md 519
Fri Dec 12 19:01:57 2014 /Users/seanmacdonald/REPOS/Invoicer/node_modules/node-uuid/uuid.js 519
Fri Dec 12 19:01:57 2014 /Users/seanmacdonald/REPOS/Invoicer/node_modules/git-tools/git-tools.js 519
Fri Dec 12 19:01:57 2014 /Users/seanmacdonald/REPOS/Invoicer/node_modules/node-uuid/benchmark/README.md 519
Fri Dec 12 19:01:57 2014 /Users/seanmacdonald/REPOS/Invoicer/node_modules/node-uuid/benchmark 1027
Fri Dec 12 19:01:57 2014 /Users/seanmacdonald/REPOS/Invoicer/node_modules/git-tools/LICENSE-MIT.txt 519
Fri Dec 12 19:01:57 2014 /Users/seanmacdonald/REPOS/Invoicer/node_modules/node-uuid/benchmark/benchmark.js 519
Fri Dec 12 19:01:57 2014 /Users/seanmacdonald/REPOS/Invoicer/node_modules/git-tools/package.json 519
Fri Dec 12 19:01:57 2014 /Users/seanmacdonald/REPOS/Invoicer/node_modules/node-uuid/benchmark/bench.gnu 519
Fri Dec 12 19:01:57 2014 /Users/seanmacdonald/REPOS/Invoicer/node_modules/node-uuid/benchmark/bench.sh 551
Fri Dec 12 19:01:57 2014 /Users/seanmacdonald/REPOS/Invoicer/node_modules/node-uuid/benchmark/benchmark-native.c 519
Fri Dec 12 19:01:57 2014 /Users/seanmacdonald/REPOS/Invoicer/node_modules/node-uuid/LICENSE.md 519
Fri Dec 12 19:01:57 2014 /Users/seanmacdonald/REPOS/Invoicer/node_modules/node-uuid/component.json 519
Fri Dec 12 19:01:57 2014 /Users/seanmacdonald/REPOS/Invoicer/node_modules/node-uuid/test/compare_v1.js 519
Fri Dec 12 19:01:57 2014 /Users/seanmacdonald/REPOS/Invoicer/node_modules/node-uuid/test 1027
Fri Dec 12 19:01:57 2014 /Users/seanmacdonald/REPOS/Invoicer/node_modules/node-uuid/test/test.js 519
Fri Dec 12 19:01:57 2014 /Users/seanmacdonald/REPOS/Invoicer/node_modules/node-uuid/test/test.html 519
Fri Dec 12 19:01:57 2014 /Users/seanmacdonald/REPOS/Invoicer/node_modules/node-uuid/bin 1027
Fri Dec 12 19:01:57 2014 /Users/seanmacdonald/REPOS/Invoicer/node_modules/node-uuid/package.json 519
Fri Dec 12 19:01:57 2014 /Users/seanmacdonald/REPOS/Invoicer/node_modules/.bin/uuid 2050
Fri Dec 12 19:01:57 2014 /Users/seanmacdonald/REPOS/Invoicer/node_modules/node-uuid/bin/uuid 551
Fri Dec 12 19:01:59 2014 /Users/seanmacdonald/REPOS/Invoicer/node_modules/git-tools/node_modules 1026
Fri Dec 12 19:01:59 2014 /Users/seanmacdonald/REPOS/Invoicer/node_modules/git-tools/node_modules/spawnback 1026
Fri Dec 12 19:01:59 2014 /Users/seanmacdonald/REPOS/Invoicer/node_modules/git-tools/node_modules/spawnback/README.md 519
Fri Dec 12 19:01:59 2014 /Users/seanmacdonald/REPOS/Invoicer/node_modules/git-tools/node_modules/spawnback/index.js 519
Fri Dec 12 19:01:59 2014 /Users/seanmacdonald/REPOS/Invoicer/node_modules/git-tools/node_modules/spawnback/LICENSE.txt 519
Fri Dec 12 19:01:59 2014 /Users/seanmacdonald/REPOS/Invoicer/node_modules/git-tools/node_modules/spawnback/package.json 519
Fri Dec 12 19:04:04 2014 /Users/seanmacdonald/REPOS/Invoicer/node_modules/mimetypes.json 518
Fri Dec 12 19:04:10 2014 /Users/seanmacdonald/REPOS/Invoicer/node_modules/docroot.js 518
Sat Dec 13 18:30:30 2014 /Users/seanmacdonald/REPOS/Invoicer/Invoicer.sublime-workspace 517
Sat Dec 13 18:30:32 2014 /Users/seanmacdonald/REPOS/Invoicer/Invoicer.sublime-workspace 517
Sun Dec 14 00:59:38 2014 /Users/seanmacdonald/REPOS/Invoicer/app/so.html 528
